<?xml version="1.0" encoding="UTF-8"?>
<testng-results skipped="0" failed="0" ignored="0" total="1" passed="1">
  <reporter-output>
  </reporter-output>
  <suite name="Suite" duration-ms="11589" started-at="2019-12-14T17:57:43 IST" finished-at="2019-12-14T17:57:55 IST">
    <groups>
    </groups>
    <test name="Test" duration-ms="11589" started-at="2019-12-14T17:57:43 IST" finished-at="2019-12-14T17:57:55 IST">
      <class name="com.testmavenjenkins.testBuild.GoogleTitleTest">
        <test-method status="PASS" signature="verifyGoogleTitle()[pri:0, instance:com.testmavenjenkins.testBuild.GoogleTitleTest@41ee392b]" name="verifyGoogleTitle" duration-ms="9154" started-at="2019-12-14T17:57:43 IST" finished-at="2019-12-14T17:57:52 IST">
          <reporter-output>
          </reporter-output>
        </test-method> <!-- verifyGoogleTitle -->
        <test-method status="PASS" signature="tearDown()[pri:0, instance:com.testmavenjenkins.testBuild.GoogleTitleTest@41ee392b]" name="tearDown" is-config="true" duration-ms="2317" started-at="2019-12-14T17:57:53 IST" finished-at="2019-12-14T17:57:55 IST">
          <reporter-output>
          </reporter-output>
        </test-method> <!-- tearDown -->
      </class> <!-- com.testmavenjenkins.testBuild.GoogleTitleTest -->
    </test> <!-- Test -->
  </suite> <!-- Suite -->
</testng-results>
