<?xml version="1.0" encoding="UTF-8"?>
<testng-results skipped="0" failed="0" ignored="0" total="1" passed="1">
  <reporter-output>
  </reporter-output>
  <suite name="Suite" duration-ms="11213" started-at="2019-12-14T17:12:12 IST" finished-at="2019-12-14T17:12:23 IST">
    <groups>
    </groups>
    <test name="Test" duration-ms="11213" started-at="2019-12-14T17:12:12 IST" finished-at="2019-12-14T17:12:23 IST">
      <class name="com.testmavenjenkins.testBuild.GoogleTitleTest">
        <test-method status="PASS" signature="verifyGoogleTitle()[pri:0, instance:com.testmavenjenkins.testBuild.GoogleTitleTest@2b9627bc]" name="verifyGoogleTitle" duration-ms="8857" started-at="2019-12-14T17:12:12 IST" finished-at="2019-12-14T17:12:21 IST">
          <reporter-output>
          </reporter-output>
        </test-method> <!-- verifyGoogleTitle -->
        <test-method status="PASS" signature="tearDown()[pri:0, instance:com.testmavenjenkins.testBuild.GoogleTitleTest@2b9627bc]" name="tearDown" is-config="true" duration-ms="2315" started-at="2019-12-14T17:12:21 IST" finished-at="2019-12-14T17:12:23 IST">
          <reporter-output>
          </reporter-output>
        </test-method> <!-- tearDown -->
      </class> <!-- com.testmavenjenkins.testBuild.GoogleTitleTest -->
    </test> <!-- Test -->
  </suite> <!-- Suite -->
</testng-results>
